<?xml version="1.0" encoding="UTF-8"?>
<testsuite name="apiGetRequest.GiphyAPIGetData" tests="7" skipped="0" failures="0" errors="0" timestamp="2020-10-29T07:11:49" hostname="DESKTOP-UVGEF5C" time="7.993">
  <properties/>
  <testcase name="N_InvalidApiKey_ValidateResponseBody" classname="apiGetRequest.GiphyAPIGetData" time="5.14"/>
  <testcase name="N_SearchNonExistingGif_ValidateResponseBody" classname="apiGetRequest.GiphyAPIGetData" time="0.399"/>
  <testcase name="P_GetGIFByID_ValidateResponseBody" classname="apiGetRequest.GiphyAPIGetData" time="0.529"/>
  <testcase name="P_GetGIFByInvalidID_ValidateResponseBody" classname="apiGetRequest.GiphyAPIGetData" time="0.318"/>
  <testcase name="P_GetGifCategories_ValidateResponseBody" classname="apiGetRequest.GiphyAPIGetData" time="1.077"/>
  <testcase name="P_Search_ValidateRequestHeaders" classname="apiGetRequest.GiphyAPIGetData" time="0.258"/>
  <testcase name="P_Search_ValidateResponseCode" classname="apiGetRequest.GiphyAPIGetData" time="0.265"/>
  <system-out><![CDATA[Body is {"message":"Invalid authentication credentials"}

Headers:Connection=keep-alive
Content-Length=4112
Content-Type=application/json
x-response-time=95ms
Content-Encoding=gzip
X-Cachiness-Shield-Rule=giphy_api_search_long_ttl
X-Cachiness-Shield-Desired-TTL=21600s
X-Cachiness-Shield-Actual-TTL=21600.000
Access-Control-Allow-Origin=*
Access-Control-Allow-Methods=GET, POST, PUT, DELETE, OPTIONS
Access-Control-Allow-Credentials=true
Access-Control-Allow-Headers=Authorization, Content-Type, Accept to Content-Type, Accept, x-requested-with, cache-control, X-GIPHY-SDK-NAME, X-GIPHY-SDK-VERSION, X-GIPHY-SDK-PLATFORM
X-Rule-Debug=1
X-Cachiness-Edge-Rule=giphy_api_search_long_ttl
X-Cachiness-Edge-Desired-TTL=21600s
X-Cachiness-Edge-Actual-TTL=21499.000
X-Cachiness-Edge-Age=101
Accept-Ranges=bytes
Date=Thu, 29 Oct 2020 07:11:56 GMT
Age=3187
cache-control=max-age=30
Strict-Transport-Security=max-age=86400
X-Served-By=cache-bwi5134-BWI, cache-ams21065-AMS
X-Cache-Hits=1, 1
X-Timer=S1603955516.057431,VS0,VE1
Vary=Accept-Encoding
Content type is: application/json
Content Encoding type is: gzip
]]></system-out>
  <system-err><![CDATA[]]></system-err>
</testsuite>
